src-capacitor/android/capacitor-cordova-android-plugins/build/intermediates/manifest_merge_blame_file/debug/processDebugManifest/manifest-merger-blame-debug-report.txt
1<?xml version="1.0" encoding="utf-8"?>
2<manifest xmlns:amazon="http://schemas.amazon.com/apk/res/android"
3    xmlns:android="http://schemas.android.com/apk/res/android"
4    package="capacitor.cordova.android.plugins" >
5
6    <uses-sdk android:minSdkVersion="23" />
7
8    <uses-permission android:name="android.permission.READ_EXTERNAL_STORAGE" />
8-->src\main\AndroidManifest.xml:9:1-75
8-->src\main\AndroidManifest.xml:9:18-73
9
10    <application>
10-->src\main\AndroidManifest.xml:4:1-8:15
11        <provider
11-->src\main\AndroidManifest.xml:5:1-7:12
12            android:name="io.github.pwlin.cordova.plugins.fileopener2.FileProvider"
12-->src\main\AndroidManifest.xml:5:11-82
13            android:authorities="${applicationId}.fileOpener2.provider"
13-->src\main\AndroidManifest.xml:5:83-142
14            android:exported="false"
14-->src\main\AndroidManifest.xml:5:143-167
15            android:grantUriPermissions="true" >
15-->src\main\AndroidManifest.xml:5:168-202
16            <meta-data
16-->src\main\AndroidManifest.xml:6:3-103
17                android:name="android.support.FILE_PROVIDER_PATHS"
17-->src\main\AndroidManifest.xml:6:14-64
18                android:resource="@xml/opener_paths" />
18-->src\main\AndroidManifest.xml:6:65-101
19        </provider>
20    </application>
21
22</manifest>